<?xml version="1.0" encoding="UTF-8"?>
<!-- Generated by org.testng.reporters.JUnitReportReporter -->
<testsuite hostname="M5-D-HXFVXJ2" name="example.Login" tests="1" failures="0" timestamp="12 Oct 2018 13:51:59 GMT" time="37.920" errors="0">
  <testcase name="Read" time="37.920" classname="example.Login"/>
</testsuite> <!-- example.Login -->
