<?xml version="1.0" encoding="UTF-8"?>
<!-- Generated by org.testng.reporters.JUnitReportReporter -->
<testsuite hostname="M5-D-HXFVXJ2" failures="0" tests="1" name="example.Login" time="43.505" errors="0" timestamp="15 Oct 2018 13:35:55 GMT">
  <testcase classname="example.Login" name="Read" time="43.505"/>
</testsuite> <!-- example.Login -->
