<?xml version="1.0" encoding="UTF-8"?>
<!-- Generated by org.testng.reporters.JUnitReportReporter -->
<testsuite hostname="M5-D-HXFVXJ2" failures="0" tests="1" name="example.Login" time="25.992" errors="0" timestamp="25 Oct 2018 07:17:25 GMT">
  <testcase classname="example.Login" name="Read" time="25.992"/>
</testsuite> <!-- example.Login -->
